<?xml version="1.0" encoding="UTF-8"?>
<!-- Generated by org.testng.reporters.JUnitXMLReporter -->
<testsuite ignored="0" hostname="DESKTOP-88FLBF9" failures="0" tests="6" name="Test" time="231.163" errors="0" timestamp="2020-09-23T15:37:14 IST">
  <testcase classname="gooleProject.GoogleKeepAdd" name="addNote" time="11.072"/>
  <testcase classname="gooleProject.GoogleKeepReminder" name="addReminder" time="23.336"/>
  <testcase classname="gooleProject.GoogleTaskAdd" name="addTask" time="16.306"/>
  <testcase classname="chromeProject.ToDoListTest" name="toDoList" time="40.458"/>
  <testcase classname="chromeProject.LoginForm" name="loginUser" time="25.604"/>
  <testcase classname="chromeProject.LoginPopup" name="loginUser" time="39.661"/>
</testsuite> <!-- Test -->
