<?xml version="1.0" encoding="UTF-8"?>
<testng-results skipped="0" failed="0" ignored="0" total="1" passed="1">
  <reporter-output>
  </reporter-output>
  <suite name="Default suite" duration-ms="35220" started-at="2020-09-22T19:48:49 IST" finished-at="2020-09-22T19:49:24 IST">
    <groups>
    </groups>
    <test name="Default test" duration-ms="35220" started-at="2020-09-22T19:48:49 IST" finished-at="2020-09-22T19:49:24 IST">
      <class name="gooleProject.GoogleTaskAdd">
        <test-method status="PASS" signature="beforeMethod()[pri:0, instance:gooleProject.GoogleTaskAdd@21995505]" name="beforeMethod" is-config="true" duration-ms="16642" started-at="2020-09-22T19:48:49 IST" finished-at="2020-09-22T19:49:05 IST">
          <reporter-output>
          </reporter-output>
        </test-method> <!-- beforeMethod -->
        <test-method status="PASS" signature="addTask()[pri:0, instance:gooleProject.GoogleTaskAdd@21995505]" name="addTask" duration-ms="17410" started-at="2020-09-22T19:49:05 IST" finished-at="2020-09-22T19:49:23 IST">
          <reporter-output>
          </reporter-output>
        </test-method> <!-- addTask -->
        <test-method status="PASS" signature="afterMethod()[pri:0, instance:gooleProject.GoogleTaskAdd@21995505]" name="afterMethod" is-config="true" duration-ms="1097" started-at="2020-09-22T19:49:23 IST" finished-at="2020-09-22T19:49:24 IST">
          <reporter-output>
          </reporter-output>
        </test-method> <!-- afterMethod -->
      </class> <!-- gooleProject.GoogleTaskAdd -->
    </test> <!-- Default test -->
  </suite> <!-- Default suite -->
</testng-results>
