<?xml version="1.0" encoding="UTF-8"?>
<testng-results ignored="0" total="6" passed="6" failed="0" skipped="0">
  <reporter-output>
  </reporter-output>
  <suite started-at="2020-09-23T15:33:23 IST" name="Suite" finished-at="2020-09-23T15:37:14 IST" duration-ms="231163">
    <groups>
    </groups>
    <test started-at="2020-09-23T15:33:23 IST" name="Test" finished-at="2020-09-23T15:37:14 IST" duration-ms="231163">
      <class name="gooleProject.GoogleTaskAdd">
        <test-method is-config="true" signature="beforeMethod()[pri:0, instance:gooleProject.GoogleTaskAdd@52bf72b5]" started-at="2020-09-23T15:34:22 IST" name="beforeMethod" finished-at="2020-09-23T15:34:33 IST" duration-ms="10931" status="PASS">
          <reporter-output>
          </reporter-output>
        </test-method> <!-- beforeMethod -->
        <test-method signature="addTask()[pri:0, instance:gooleProject.GoogleTaskAdd@52bf72b5]" started-at="2020-09-23T15:34:33 IST" name="addTask" finished-at="2020-09-23T15:34:49 IST" duration-ms="16306" status="PASS">
          <reporter-output>
          </reporter-output>
        </test-method> <!-- addTask -->
        <test-method is-config="true" signature="afterMethod()[pri:0, instance:gooleProject.GoogleTaskAdd@52bf72b5]" started-at="2020-09-23T15:34:49 IST" name="afterMethod" finished-at="2020-09-23T15:34:50 IST" duration-ms="612" status="PASS">
          <reporter-output>
          </reporter-output>
        </test-method> <!-- afterMethod -->
      </class> <!-- gooleProject.GoogleTaskAdd -->
      <class name="chromeProject.ToDoListTest">
        <test-method is-config="true" signature="beforeMethod()[pri:0, instance:chromeProject.ToDoListTest@37afeb11]" started-at="2020-09-23T15:34:50 IST" name="beforeMethod" finished-at="2020-09-23T15:35:02 IST" duration-ms="12126" status="PASS">
          <reporter-output>
          </reporter-output>
        </test-method> <!-- beforeMethod -->
        <test-method signature="toDoList()[pri:0, instance:chromeProject.ToDoListTest@37afeb11]" started-at="2020-09-23T15:35:02 IST" name="toDoList" finished-at="2020-09-23T15:35:43 IST" duration-ms="40458" status="PASS">
          <reporter-output>
          </reporter-output>
        </test-method> <!-- toDoList -->
        <test-method is-config="true" signature="afterMethod()[pri:0, instance:chromeProject.ToDoListTest@37afeb11]" started-at="2020-09-23T15:35:43 IST" name="afterMethod" finished-at="2020-09-23T15:35:43 IST" duration-ms="649" status="PASS">
          <reporter-output>
          </reporter-output>
        </test-method> <!-- afterMethod -->
      </class> <!-- chromeProject.ToDoListTest -->
      <class name="chromeProject.LoginPopup">
        <test-method is-config="true" signature="beforeMethod()[pri:0, instance:chromeProject.LoginPopup@dd8ba08]" started-at="2020-09-23T15:36:22 IST" name="beforeMethod" finished-at="2020-09-23T15:36:34 IST" duration-ms="12342" status="PASS">
          <reporter-output>
          </reporter-output>
        </test-method> <!-- beforeMethod -->
        <test-method signature="loginUser()[pri:0, instance:chromeProject.LoginPopup@dd8ba08]" started-at="2020-09-23T15:36:34 IST" name="loginUser" finished-at="2020-09-23T15:37:14 IST" duration-ms="39661" status="PASS">
          <reporter-output>
          </reporter-output>
        </test-method> <!-- loginUser -->
        <test-method is-config="true" signature="afterMethod()[pri:0, instance:chromeProject.LoginPopup@dd8ba08]" started-at="2020-09-23T15:37:14 IST" name="afterMethod" finished-at="2020-09-23T15:37:14 IST" duration-ms="648" status="PASS">
          <reporter-output>
          </reporter-output>
        </test-method> <!-- afterMethod -->
      </class> <!-- chromeProject.LoginPopup -->
      <class name="gooleProject.GoogleKeepReminder">
        <test-method is-config="true" signature="beforeMethod()[pri:0, instance:gooleProject.GoogleKeepReminder@6d763516]" started-at="2020-09-23T15:33:47 IST" name="beforeMethod" finished-at="2020-09-23T15:33:58 IST" duration-ms="11276" status="PASS">
          <reporter-output>
          </reporter-output>
        </test-method> <!-- beforeMethod -->
        <test-method signature="addReminder()[pri:0, instance:gooleProject.GoogleKeepReminder@6d763516]" started-at="2020-09-23T15:33:58 IST" name="addReminder" finished-at="2020-09-23T15:34:21 IST" duration-ms="23336" status="PASS">
          <reporter-output>
          </reporter-output>
        </test-method> <!-- addReminder -->
        <test-method is-config="true" signature="afterMethod()[pri:0, instance:gooleProject.GoogleKeepReminder@6d763516]" started-at="2020-09-23T15:34:21 IST" name="afterMethod" finished-at="2020-09-23T15:34:22 IST" duration-ms="675" status="PASS">
          <reporter-output>
          </reporter-output>
        </test-method> <!-- afterMethod -->
      </class> <!-- gooleProject.GoogleKeepReminder -->
      <class name="gooleProject.GoogleKeepAdd">
        <test-method is-config="true" signature="beforeMethod()[pri:0, instance:gooleProject.GoogleKeepAdd@2a798d51]" started-at="2020-09-23T15:33:23 IST" name="beforeMethod" finished-at="2020-09-23T15:33:35 IST" duration-ms="12011" status="PASS">
          <reporter-output>
          </reporter-output>
        </test-method> <!-- beforeMethod -->
        <test-method signature="addNote()[pri:0, instance:gooleProject.GoogleKeepAdd@2a798d51]" started-at="2020-09-23T15:33:35 IST" name="addNote" finished-at="2020-09-23T15:33:46 IST" duration-ms="11072" status="PASS">
          <reporter-output>
          </reporter-output>
        </test-method> <!-- addNote -->
        <test-method is-config="true" signature="afterMethod()[pri:0, instance:gooleProject.GoogleKeepAdd@2a798d51]" started-at="2020-09-23T15:33:46 IST" name="afterMethod" finished-at="2020-09-23T15:33:47 IST" duration-ms="624" status="PASS">
          <reporter-output>
          </reporter-output>
        </test-method> <!-- afterMethod -->
      </class> <!-- gooleProject.GoogleKeepAdd -->
      <class name="chromeProject.LoginForm">
        <test-method is-config="true" signature="beforeMethod()[pri:0, instance:chromeProject.LoginForm@515aebb0]" started-at="2020-09-23T15:35:43 IST" name="beforeMethod" finished-at="2020-09-23T15:35:55 IST" duration-ms="12085" status="PASS">
          <reporter-output>
          </reporter-output>
        </test-method> <!-- beforeMethod -->
        <test-method signature="loginUser()[pri:0, instance:chromeProject.LoginForm@515aebb0]" started-at="2020-09-23T15:35:55 IST" name="loginUser" finished-at="2020-09-23T15:36:21 IST" duration-ms="25604" status="PASS">
          <reporter-output>
          </reporter-output>
        </test-method> <!-- loginUser -->
        <test-method is-config="true" signature="afterMethod()[pri:0, instance:chromeProject.LoginForm@515aebb0]" started-at="2020-09-23T15:36:21 IST" name="afterMethod" finished-at="2020-09-23T15:36:22 IST" duration-ms="693" status="PASS">
          <reporter-output>
          </reporter-output>
        </test-method> <!-- afterMethod -->
      </class> <!-- chromeProject.LoginForm -->
    </test> <!-- Test -->
  </suite> <!-- Suite -->
</testng-results>
